Base path: D:/unity/Editor/Data
Cmd: initializeCompiler
Cmd: compileComputeKernel
  error: 1 plat 4 at Liquid2DFIM.compute(158): 'i': loop control variable conflicts with a previous declaration in the outer scope; most recent declaration will be used
  api=4 insize=6389 outsize=1689 ok=1
Cmd: initializeCompiler
Cmd: initializeCompiler
Cmd: initializeCompiler
Cmd: compileComputeKernel
  error: 1 plat 4 at Liquid2DFIM.compute(158): 'i': loop control variable conflicts with a previous declaration in the outer scope; most recent declaration will be used
  api=4 insize=6420 outsize=3445 ok=1
Cmd: initializeCompiler
Cmd: compileComputeKernel
  error: 1 plat 4 at Liquid2DFIM.compute(158): 'i': loop control variable conflicts with a previous declaration in the outer scope; most recent declaration will be used
  api=4 insize=6422 outsize=617 ok=1
Cmd: initializeCompiler
Cmd: compileComputeKernel
  error: 1 plat 4 at Liquid2DFIM.compute(158): 'i': loop control variable conflicts with a previous declaration in the outer scope; most recent declaration will be used
  api=4 insize=6414 outsize=421 ok=1
Cmd: initializeCompiler
Cmd: initializeCompiler
Cmd: initializeCompiler
Cmd: compileComputeKernel
  error: 1 plat 4 at Liquid2DFIM.compute(164): 'i': loop control variable conflicts with a previous declaration in the outer scope; most recent declaration will be used
  api=4 insize=6714 outsize=1689 ok=1
Cmd: initializeCompiler
Cmd: compileComputeKernel
  error: 1 plat 4 at Liquid2DFIM.compute(164): 'i': loop control variable conflicts with a previous declaration in the outer scope; most recent declaration will be used
  api=4 insize=6719 outsize=421 ok=1
Cmd: initializeCompiler
Cmd: initializeCompiler
Cmd: initializeCompiler
Cmd: initializeCompiler
Cmd: initializeCompiler
Cmd: compileComputeKernel
  error: 1 plat 4 at Liquid2DFIM.compute(164): 'i': loop control variable conflicts with a previous declaration in the outer scope; most recent declaration will be used
  api=4 insize=6717 outsize=1521 ok=1
Cmd: initializeCompiler
Cmd: initializeCompiler
Cmd: initializeCompiler
Cmd: compileComputeKernel
  error: 1 plat 4 at Liquid2DFIM.compute(164): 'i': loop control variable conflicts with a previous declaration in the outer scope; most recent declaration will be used
  api=4 insize=6717 outsize=617 ok=1
Cmd: initializeCompiler
Cmd: compileComputeKernel
  error: 1 plat 4 at Liquid2DFIM.compute(164): 'i': loop control variable conflicts with a previous declaration in the outer scope; most recent declaration will be used
  api=4 insize=6717 outsize=3521 ok=1
Cmd: initializeCompiler
Cmd: initializeCompiler
Cmd: initializeCompiler
Cmd: initializeCompiler
Cmd: compileComputeKernel
  error: 1 plat 4 at Liquid2DFIM.compute(164): 'i': loop control variable conflicts with a previous declaration in the outer scope; most recent declaration will be used
  api=4 insize=6718 outsize=1689 ok=1
Cmd: initializeCompiler
Cmd: compileComputeKernel
  error: 1 plat 4 at Liquid2DFIM.compute(164): 'i': loop control variable conflicts with a previous declaration in the outer scope; most recent declaration will be used
  api=4 insize=6718 outsize=421 ok=1
Cmd: compileComputeKernel
  error: 1 plat 4 at Liquid2DFIM.compute(173): 'i': loop control variable conflicts with a previous declaration in the outer scope; most recent declaration will be used
  api=4 insize=6901 outsize=421 ok=1
Cmd: initializeCompiler
Cmd: initializeCompiler
Cmd: initializeCompiler
Cmd: compileComputeKernel
  error: 1 plat 4 at Liquid2DFIM.compute(173): 'i': loop control variable conflicts with a previous declaration in the outer scope; most recent declaration will be used
  api=4 insize=6903 outsize=353 ok=1
Cmd: initializeCompiler
Cmd: initializeCompiler
Cmd: compileComputeKernel
  error: 2 plat 4 at (0): Did not find shader kernel 'FIMCopyKernel' to compile
  error: 1 plat 4 at Liquid2DFIM.compute(174): 'i': loop control variable conflicts with a previous declaration in the outer scope; most recent declaration will be used
  api=4 insize=7198 outsize=0 ok=0
Cmd: initializeCompiler
Cmd: initializeCompiler
Cmd: compileComputeKernel
  error: 1 plat 4 at Liquid2DFIM.compute(174): 'i': loop control variable conflicts with a previous declaration in the outer scope; most recent declaration will be used
  api=4 insize=7238 outsize=421 ok=1
Cmd: initializeCompiler
Cmd: compileComputeKernel
  error: 1 plat 4 at Liquid2DFIM.compute(174): 'i': loop control variable conflicts with a previous declaration in the outer scope; most recent declaration will be used
  api=4 insize=7272 outsize=3605 ok=1
Cmd: initializeCompiler
Cmd: initializeCompiler
Cmd: initializeCompiler
Cmd: initializeCompiler
Cmd: initializeCompiler
Cmd: initializeCompiler
Cmd: compileComputeKernel
  error: 1 plat 4 at Liquid2DFIM.compute(174): 'i': loop control variable conflicts with a previous declaration in the outer scope; most recent declaration will be used
  api=4 insize=7263 outsize=1689 ok=1
Cmd: initializeCompiler
Cmd: initializeCompiler
Cmd: initializeCompiler
Cmd: initializeCompiler
Cmd: initializeCompiler
Cmd: compileComputeKernel
  error: 1 plat 4 at Liquid2DFIM.compute(174): 'i': loop control variable conflicts with a previous declaration in the outer scope; most recent declaration will be used
  api=4 insize=7232 outsize=421 ok=1
Cmd: initializeCompiler
Cmd: initializeCompiler
Cmd: compileComputeKernel
  error: 1 plat 4 at Liquid2DFMMStar.compute(155): 'i': loop control variable conflicts with a previous declaration in the outer scope; most recent declaration will be used
  api=4 insize=7433 outsize=1601 ok=1
Cmd: initializeCompiler
Cmd: initializeCompiler
Cmd: initializeCompiler
Cmd: initializeCompiler
Cmd: initializeCompiler
Cmd: initializeCompiler
Cmd: initializeCompiler
Cmd: initializeCompiler
Cmd: initializeCompiler
Cmd: compileComputeKernel
  error: 1 plat 4 at Liquid2DFMMStar.compute(155): 'i': loop control variable conflicts with a previous declaration in the outer scope; most recent declaration will be used
  api=4 insize=7433 outsize=353 ok=1
Cmd: compileComputeKernel
  error: 1 plat 4 at Liquid2DFIM.compute(174): 'i': loop control variable conflicts with a previous declaration in the outer scope; most recent declaration will be used
  api=4 insize=7232 outsize=421 ok=1
Cmd: compileComputeKernel
  api=4 insize=1279 outsize=881 ok=1
Cmd: initializeCompiler
Cmd: initializeCompiler
Cmd: initializeCompiler
Cmd: compileComputeKernel
  api=4 insize=4035 outsize=2209 ok=1
Cmd: initializeCompiler
Cmd: initializeCompiler
Cmd: initializeCompiler
Cmd: initializeCompiler
Cmd: initializeCompiler
Cmd: initializeCompiler
Cmd: initializeCompiler
Cmd: initializeCompiler
Cmd: initializeCompiler
Cmd: initializeCompiler
Cmd: initializeCompiler
Cmd: initializeCompiler
Cmd: initializeCompiler
Cmd: initializeCompiler
Cmd: initializeCompiler
Cmd: initializeCompiler
Cmd: initializeCompiler
Cmd: initializeCompiler
Cmd: initializeCompiler
Cmd: initializeCompiler
Cmd: initializeCompiler
Cmd: initializeCompiler
Cmd: initializeCompiler
Cmd: compileComputeKernel
  api=4 insize=4765 outsize=421 ok=1
Cmd: initializeCompiler
Cmd: compileComputeKernel
  api=4 insize=4765 outsize=421 ok=1
Cmd: initializeCompiler
Cmd: initializeCompiler
Cmd: initializeCompiler
Cmd: initializeCompiler
Cmd: initializeCompiler
Cmd: initializeCompiler
Cmd: compileComputeKernel
  api=4 insize=4814 outsize=2549 ok=1
Cmd: initializeCompiler
Cmd: initializeCompiler
Cmd: initializeCompiler
Cmd: initializeCompiler
Cmd: initializeCompiler
Cmd: initializeCompiler
Cmd: compileComputeKernel
  api=4 insize=4753 outsize=953 ok=1
Cmd: initializeCompiler
Cmd: initializeCompiler
Cmd: initializeCompiler
Cmd: initializeCompiler
Cmd: initializeCompiler
Cmd: initializeCompiler
Cmd: compileComputeKernel
  api=4 insize=4891 outsize=829 ok=1
Cmd: initializeCompiler
Cmd: initializeCompiler
Cmd: initializeCompiler
Cmd: compileComputeKernel
  api=4 insize=4742 outsize=3045 ok=1
Cmd: initializeCompiler
Cmd: initializeCompiler
Cmd: initializeCompiler
Cmd: initializeCompiler
Cmd: initializeCompiler
Cmd: initializeCompiler
Cmd: initializeCompiler
Cmd: compileComputeKernel
  api=4 insize=4846 outsize=2885 ok=1
Cmd: initializeCompiler
Cmd: initializeCompiler
Cmd: initializeCompiler
Cmd: initializeCompiler
Cmd: compileComputeKernel
  api=4 insize=4846 outsize=2925 ok=1
Cmd: initializeCompiler
Cmd: compileComputeKernel
  api=4 insize=4858 outsize=2193 ok=1
Cmd: initializeCompiler
Cmd: initializeCompiler
Cmd: initializeCompiler
Cmd: initializeCompiler
Cmd: initializeCompiler
Cmd: initializeCompiler
Cmd: initializeCompiler
Cmd: initializeCompiler
Cmd: initializeCompiler
Cmd: initializeCompiler
Cmd: initializeCompiler
Cmd: initializeCompiler
Cmd: initializeCompiler
Cmd: compileComputeKernel
  api=4 insize=4846 outsize=2885 ok=1
Cmd: initializeCompiler
Cmd: initializeCompiler
Cmd: initializeCompiler
Cmd: initializeCompiler
Cmd: initializeCompiler
Cmd: initializeCompiler
Cmd: initializeCompiler
Cmd: compileComputeKernel
  api=4 insize=4896 outsize=2329 ok=1
Cmd: initializeCompiler
Cmd: initializeCompiler
Cmd: initializeCompiler
Cmd: initializeCompiler
Cmd: compileComputeKernel
  api=4 insize=4935 outsize=2241 ok=1
Cmd: initializeCompiler
Cmd: compileComputeKernel
  api=4 insize=4933 outsize=2209 ok=1
Cmd: initializeCompiler
Cmd: initializeCompiler
Cmd: initializeCompiler
Cmd: initializeCompiler
Cmd: compileComputeKernel
  error: 1 plat 4 at Liquid2DFMMStar.compute(155): 'i': loop control variable conflicts with a previous declaration in the outer scope; most recent declaration will be used
  api=4 insize=7433 outsize=1701 ok=1
Cmd: compileComputeKernel
  error: 1 plat 4 at Liquid2DFIM.compute(174): 'i': loop control variable conflicts with a previous declaration in the outer scope; most recent declaration will be used
  api=4 insize=7232 outsize=421 ok=1
Cmd: initializeCompiler
Cmd: initializeCompiler
Cmd: initializeCompiler
Cmd: initializeCompiler
Cmd: initializeCompiler
Cmd: compileComputeKernel
  error: 1 plat 4 at Liquid2DFMMStar.compute(155): 'i': loop control variable conflicts with a previous declaration in the outer scope; most recent declaration will be used
  api=4 insize=7433 outsize=1689 ok=1
Cmd: compileComputeKernel
  error: 1 plat 4 at Liquid2DFIM.compute(174): 'i': loop control variable conflicts with a previous declaration in the outer scope; most recent declaration will be used
  api=4 insize=7232 outsize=1689 ok=1
Cmd: compileComputeKernel
  api=4 insize=1279 outsize=817 ok=1
Cmd: initializeCompiler
Cmd: initializeCompiler
Cmd: initializeCompiler
Cmd: initializeCompiler
Cmd: initializeCompiler
Cmd: compileComputeKernel
  api=4 insize=5756 outsize=3397 ok=1
Cmd: initializeCompiler
Cmd: compileComputeKernel
  api=4 insize=5756 outsize=2769 ok=1
Cmd: initializeCompiler
Cmd: compileComputeKernel
  error: 1 plat 4 at Liquid2DFMMStar.compute(153): 'i': loop control variable conflicts with a previous declaration in the outer scope; most recent declaration will be used
  api=4 insize=7385 outsize=1689 ok=1
Cmd: compileComputeKernel
  api=4 insize=6035 outsize=2769 ok=1
Cmd: compileComputeKernel
  error: 1 plat 4 at Liquid2DFIM.compute(172): 'i': loop control variable conflicts with a previous declaration in the outer scope; most recent declaration will be used
  api=4 insize=7184 outsize=1689 ok=1
Cmd: compileComputeKernel
  api=4 insize=1279 outsize=881 ok=1
Cmd: initializeCompiler
Cmd: compileComputeKernel
  api=4 insize=5814 outsize=3421 ok=1
Cmd: initializeCompiler
Cmd: compileComputeKernel
  api=4 insize=5843 outsize=3441 ok=1
Cmd: compileComputeKernel
  api=4 insize=5853 outsize=2769 ok=1
Cmd: initializeCompiler
Cmd: initializeCompiler
Cmd: initializeCompiler
Cmd: compileComputeKernel
  api=4 insize=5955 outsize=3469 ok=1
Cmd: initializeCompiler
Cmd: initializeCompiler
Cmd: initializeCompiler
Cmd: initializeCompiler
