Base path: D:/unity/Editor/Data
Cmd: initializeCompiler
Cmd: compileComputeKernel
  error: 1 plat 4 at Liquid2DFIM.compute(158): 'i': loop control variable conflicts with a previous declaration in the outer scope; most recent declaration will be used
  api=4 insize=6406 outsize=1521 ok=1
Cmd: initializeCompiler
Cmd: initializeCompiler
Cmd: compileComputeKernel
  error: 1 plat 4 at Liquid2DFIM.compute(158): 'i': loop control variable conflicts with a previous declaration in the outer scope; most recent declaration will be used
  api=4 insize=6408 outsize=3497 ok=1
Cmd: initializeCompiler
Cmd: initializeCompiler
Cmd: initializeCompiler
Cmd: initializeCompiler
Cmd: initializeCompiler
Cmd: compileComputeKernel
  error: 1 plat 4 at Liquid2DFIM.compute(158): 'i': loop control variable conflicts with a previous declaration in the outer scope; most recent declaration will be used
  api=4 insize=6389 outsize=3497 ok=1
Cmd: initializeCompiler
Cmd: compileComputeKernel
  error: 1 plat 4 at Liquid2DFIM.compute(158): 'i': loop control variable conflicts with a previous declaration in the outer scope; most recent declaration will be used
  api=4 insize=6420 outsize=1521 ok=1
Cmd: initializeCompiler
Cmd: compileComputeKernel
  error: 1 plat 4 at Liquid2DFIM.compute(158): 'i': loop control variable conflicts with a previous declaration in the outer scope; most recent declaration will be used
  api=4 insize=6420 outsize=1689 ok=1
Cmd: initializeCompiler
Cmd: compileComputeKernel
  error: 1 plat 4 at Liquid2DFIM.compute(158): 'i': loop control variable conflicts with a previous declaration in the outer scope; most recent declaration will be used
  api=4 insize=6420 outsize=421 ok=1
Cmd: initializeCompiler
Cmd: initializeCompiler
Cmd: initializeCompiler
Cmd: initializeCompiler
Cmd: initializeCompiler
Cmd: initializeCompiler
Cmd: compileComputeKernel
  error: 1 plat 4 at Liquid2DFIM.compute(164): 'i': loop control variable conflicts with a previous declaration in the outer scope; most recent declaration will be used
  api=4 insize=6719 outsize=3509 ok=1
Cmd: initializeCompiler
Cmd: initializeCompiler
Cmd: initializeCompiler
Cmd: initializeCompiler
Cmd: initializeCompiler
Cmd: compileComputeKernel
  error: 1 plat 4 at Liquid2DFIM.compute(164): 'i': loop control variable conflicts with a previous declaration in the outer scope; most recent declaration will be used
  api=4 insize=6717 outsize=1689 ok=1
Cmd: initializeCompiler
Cmd: compileComputeKernel
  error: 1 plat 4 at Liquid2DFIM.compute(164): 'i': loop control variable conflicts with a previous declaration in the outer scope; most recent declaration will be used
  api=4 insize=6716 outsize=1689 ok=1
Cmd: initializeCompiler
Cmd: initializeCompiler
Cmd: initializeCompiler
Cmd: initializeCompiler
Cmd: initializeCompiler
Cmd: initializeCompiler
Cmd: initializeCompiler
Cmd: initializeCompiler
Cmd: compileComputeKernel
  error: 1 plat 4 at Liquid2DFIM.compute(173): 'i': loop control variable conflicts with a previous declaration in the outer scope; most recent declaration will be used
  api=4 insize=6901 outsize=1689 ok=1
Cmd: initializeCompiler
Cmd: initializeCompiler
Cmd: compileComputeKernel
  error: 1 plat 4 at Liquid2DFIM.compute(173): 'i': loop control variable conflicts with a previous declaration in the outer scope; most recent declaration will be used
  api=4 insize=6901 outsize=353 ok=1
Cmd: initializeCompiler
Cmd: initializeCompiler
Cmd: initializeCompiler
Cmd: compileComputeKernel
  error: 1 plat 4 at Liquid2DFIM.compute(174): 'i': loop control variable conflicts with a previous declaration in the outer scope; most recent declaration will be used
  api=4 insize=7198 outsize=353 ok=1
Cmd: initializeCompiler
Cmd: compileComputeKernel
  error: 1 plat 4 at Liquid2DFIM.compute(174): 'i': loop control variable conflicts with a previous declaration in the outer scope; most recent declaration will be used
  api=4 insize=7198 outsize=3605 ok=1
Cmd: initializeCompiler
Cmd: compileComputeKernel
  error: 1 plat 4 at Liquid2DFIM.compute(174): 'i': loop control variable conflicts with a previous declaration in the outer scope; most recent declaration will be used
  api=4 insize=7238 outsize=353 ok=1
Cmd: initializeCompiler
Cmd: compileComputeKernel
  error: 1 plat 4 at Liquid2DFIM.compute(174): 'i': loop control variable conflicts with a previous declaration in the outer scope; most recent declaration will be used
  api=4 insize=7272 outsize=385 ok=1
Cmd: initializeCompiler
Cmd: initializeCompiler
Cmd: initializeCompiler
Cmd: initializeCompiler
Cmd: initializeCompiler
Cmd: initializeCompiler
Cmd: compileComputeKernel
  error: 1 plat 4 at Liquid2DFIM.compute(174): 'i': loop control variable conflicts with a previous declaration in the outer scope; most recent declaration will be used
  api=4 insize=7263 outsize=197 ok=1
Cmd: initializeCompiler
Cmd: initializeCompiler
Cmd: initializeCompiler
Cmd: initializeCompiler
Cmd: initializeCompiler
Cmd: compileComputeKernel
  error: 1 plat 4 at Liquid2DFIM.compute(174): 'i': loop control variable conflicts with a previous declaration in the outer scope; most recent declaration will be used
  api=4 insize=7232 outsize=353 ok=1
Cmd: initializeCompiler
Cmd: initializeCompiler
Cmd: compileComputeKernel
  error: 1 plat 4 at Liquid2DFMMStar.compute(155): 'i': loop control variable conflicts with a previous declaration in the outer scope; most recent declaration will be used
  api=4 insize=7433 outsize=421 ok=1
Cmd: initializeCompiler
Cmd: initializeCompiler
Cmd: initializeCompiler
Cmd: compileComputeKernel
  error: 2 plat 4 at Liquid2DFSM.compute(30): undeclared identifier 'NeighborIsLiquidSurf'
  api=4 insize=7889 outsize=0 ok=0
Cmd: initializeCompiler
Cmd: initializeCompiler
Cmd: initializeCompiler
Cmd: initializeCompiler
Cmd: compileComputeKernel
  error: 1 plat 4 at Liquid2DFSM.compute(163): 'i': loop control variable conflicts with a previous declaration in the outer scope; most recent declaration will be used
  api=4 insize=6922 outsize=3605 ok=1
Cmd: initializeCompiler
Cmd: initializeCompiler
Cmd: compileComputeKernel
  error: 1 plat 4 at Liquid2DFMMStar.compute(155): 'i': loop control variable conflicts with a previous declaration in the outer scope; most recent declaration will be used
  api=4 insize=7433 outsize=421 ok=1
Cmd: compileComputeKernel
  error: 1 plat 4 at Liquid2DFIM.compute(174): 'i': loop control variable conflicts with a previous declaration in the outer scope; most recent declaration will be used
  api=4 insize=7232 outsize=1689 ok=1
Cmd: compileComputeKernel
  api=4 insize=1279 outsize=817 ok=1
Cmd: initializeCompiler
Cmd: initializeCompiler
Cmd: initializeCompiler
Cmd: initializeCompiler
Cmd: compileComputeKernel
  api=4 insize=4704 outsize=2709 ok=1
Cmd: initializeCompiler
Cmd: initializeCompiler
Cmd: initializeCompiler
Cmd: initializeCompiler
Cmd: initializeCompiler
Cmd: initializeCompiler
Cmd: initializeCompiler
Cmd: initializeCompiler
Cmd: initializeCompiler
Cmd: compileComputeKernel
  api=4 insize=4765 outsize=2209 ok=1
Cmd: initializeCompiler
Cmd: initializeCompiler
Cmd: initializeCompiler
Cmd: initializeCompiler
Cmd: initializeCompiler
Cmd: initializeCompiler
Cmd: initializeCompiler
Cmd: initializeCompiler
Cmd: initializeCompiler
Cmd: initializeCompiler
Cmd: initializeCompiler
Cmd: initializeCompiler
Cmd: initializeCompiler
Cmd: compileComputeKernel
  api=4 insize=4765 outsize=2209 ok=1
Cmd: initializeCompiler
Cmd: initializeCompiler
Cmd: compileComputeKernel
  api=4 insize=4776 outsize=421 ok=1
Cmd: initializeCompiler
Cmd: initializeCompiler
Cmd: initializeCompiler
Cmd: initializeCompiler
Cmd: initializeCompiler
Cmd: initializeCompiler
Cmd: initializeCompiler
Cmd: compileComputeKernel
  api=4 insize=4780 outsize=2209 ok=1
Cmd: initializeCompiler
Cmd: initializeCompiler
Cmd: compileComputeKernel
  api=4 insize=4806 outsize=2209 ok=1
Cmd: initializeCompiler
Cmd: initializeCompiler
Cmd: initializeCompiler
Cmd: initializeCompiler
Cmd: initializeCompiler
Cmd: compileComputeKernel
  api=4 insize=4790 outsize=953 ok=1
Cmd: initializeCompiler
Cmd: compileComputeKernel
  api=4 insize=4847 outsize=945 ok=1
Cmd: initializeCompiler
Cmd: compileComputeKernel
  api=4 insize=4890 outsize=2209 ok=1
Cmd: initializeCompiler
Cmd: compileComputeKernel
  api=4 insize=4891 outsize=2209 ok=1
Cmd: initializeCompiler
Cmd: initializeCompiler
Cmd: initializeCompiler
Cmd: initializeCompiler
Cmd: initializeCompiler
Cmd: initializeCompiler
Cmd: initializeCompiler
Cmd: compileComputeKernel
  api=4 insize=4828 outsize=2209 ok=1
Cmd: initializeCompiler
Cmd: initializeCompiler
Cmd: initializeCompiler
Cmd: initializeCompiler
Cmd: initializeCompiler
Cmd: initializeCompiler
Cmd: initializeCompiler
Cmd: initializeCompiler
Cmd: initializeCompiler
Cmd: initializeCompiler
Cmd: initializeCompiler
Cmd: initializeCompiler
Cmd: initializeCompiler
Cmd: initializeCompiler
Cmd: initializeCompiler
Cmd: initializeCompiler
Cmd: initializeCompiler
Cmd: initializeCompiler
Cmd: initializeCompiler
Cmd: initializeCompiler
Cmd: initializeCompiler
Cmd: initializeCompiler
Cmd: compileComputeKernel
  api=4 insize=4854 outsize=2209 ok=1
Cmd: initializeCompiler
Cmd: initializeCompiler
Cmd: compileComputeKernel
  error: 2 plat 4 at Liquid2DFSM.compute(167): syntax error: unexpected token 'else'
  error: 2 plat 4 at Liquid2DFSM.compute(168): undeclared identifier 'i'
  api=4 insize=4866 outsize=0 ok=0
Cmd: compileComputeKernel
  api=4 insize=4842 outsize=2885 ok=1
Cmd: initializeCompiler
Cmd: compileComputeKernel
  api=4 insize=4878 outsize=2773 ok=1
Cmd: initializeCompiler
Cmd: initializeCompiler
Cmd: initializeCompiler
Cmd: initializeCompiler
Cmd: initializeCompiler
Cmd: initializeCompiler
Cmd: initializeCompiler
Cmd: initializeCompiler
Cmd: initializeCompiler
Cmd: initializeCompiler
Cmd: compileComputeKernel
  error: 1 plat 4 at Liquid2DFMMStar.compute(155): 'i': loop control variable conflicts with a previous declaration in the outer scope; most recent declaration will be used
  api=4 insize=7433 outsize=421 ok=1
Cmd: compileComputeKernel
  error: 1 plat 4 at Liquid2DFIM.compute(174): 'i': loop control variable conflicts with a previous declaration in the outer scope; most recent declaration will be used
  api=4 insize=7232 outsize=353 ok=1
Cmd: initializeCompiler
Cmd: compileComputeKernel
  error: 2 plat 4 at Liquid2DFSM.compute(42): undeclared identifier 't'
  api=4 insize=5995 outsize=0 ok=0
Cmd: compileComputeKernel
  error: 2 plat 4 at Liquid2DFSM.compute(144): undeclared identifier 'pixelCoord'
  api=4 insize=6028 outsize=0 ok=0
Cmd: compileComputeKernel
  error: 2 plat 4 at Liquid2DFSM.compute(165): undeclared identifier 'nextPos'
  api=4 insize=6021 outsize=0 ok=0
Cmd: initializeCompiler
Cmd: compileComputeKernel
  error: 1 plat 4 at Liquid2DFMMStar.compute(155): 'i': loop control variable conflicts with a previous declaration in the outer scope; most recent declaration will be used
  api=4 insize=7433 outsize=1689 ok=1
Cmd: compileComputeKernel
  api=4 insize=6109 outsize=1497 ok=1
Cmd: compileComputeKernel
  error: 1 plat 4 at Liquid2DFIM.compute(174): 'i': loop control variable conflicts with a previous declaration in the outer scope; most recent declaration will be used
  api=4 insize=7232 outsize=353 ok=1
Cmd: initializeCompiler
Cmd: initializeCompiler
Cmd: compileComputeKernel
  api=4 insize=6113 outsize=1233 ok=1
Cmd: initializeCompiler
Cmd: initializeCompiler
Cmd: compileComputeKernel
  api=4 insize=6049 outsize=2769 ok=1
Cmd: initializeCompiler
Cmd: compileComputeKernel
  error: 1 plat 4 at Liquid2DFMMStar.compute(155): 'i': loop control variable conflicts with a previous declaration in the outer scope; most recent declaration will be used
  api=4 insize=7433 outsize=1689 ok=1
Cmd: compileComputeKernel
  error: 1 plat 4 at Liquid2DFIM.compute(174): 'i': loop control variable conflicts with a previous declaration in the outer scope; most recent declaration will be used
  api=4 insize=7232 outsize=3605 ok=1
Cmd: initializeCompiler
Cmd: initializeCompiler
Cmd: initializeCompiler
Cmd: initializeCompiler
Cmd: compileComputeKernel
  api=4 insize=5729 outsize=2769 ok=1
Cmd: initializeCompiler
Cmd: initializeCompiler
Cmd: compileComputeKernel
  api=4 insize=5756 outsize=2769 ok=1
Cmd: compileComputeKernel
  api=4 insize=5756 outsize=3425 ok=1
Cmd: initializeCompiler
Cmd: compileComputeKernel
  error: 1 plat 4 at Liquid2DFMMStar.compute(153): 'i': loop control variable conflicts with a previous declaration in the outer scope; most recent declaration will be used
  api=4 insize=7385 outsize=1601 ok=1
Cmd: compileComputeKernel
  api=4 insize=6035 outsize=3729 ok=1
Cmd: compileComputeKernel
  error: 1 plat 4 at Liquid2DFIM.compute(172): 'i': loop control variable conflicts with a previous declaration in the outer scope; most recent declaration will be used
  api=4 insize=7184 outsize=353 ok=1
Cmd: compileComputeKernel
  error: 2 plat 4 at Liquid2DFSM.compute(148): 'min': no matching 1 parameter intrinsic function; Possible intrinsic functions are: min(float|half|double|min10float|min16float|int|uint|min12int|min16int|min16uint, float|half|double|min10float|min16float|int|uint|min12int|min16int|min16uint)
  api=4 insize=5814 outsize=0 ok=0
Cmd: initializeCompiler
Cmd: initializeCompiler
Cmd: compileComputeKernel
  api=4 insize=5848 outsize=3517 ok=1
Cmd: compileComputeKernel
  api=4 insize=5850 outsize=197 ok=1
Cmd: compileComputeKernel
  api=4 insize=5852 outsize=3441 ok=1
Cmd: initializeCompiler
Cmd: compileComputeKernel
  api=4 insize=5957 outsize=2769 ok=1
Cmd: initializeCompiler
Cmd: initializeCompiler
Cmd: compileComputeKernel
  api=4 insize=5956 outsize=2769 ok=1
Cmd: compileComputeKernel
  api=4 insize=5966 outsize=2769 ok=1
Cmd: compileComputeKernel
  api=4 insize=6272 outsize=2769 ok=1
Cmd: initializeCompiler
Cmd: initializeCompiler
Cmd: initializeCompiler
Cmd: initializeCompiler
